#
# There is insufficient memory for the Java Runtime Environment to continue.
# Native memory allocation (mmap) failed to map 268435456 bytes for G1 virtual space
# Possible reasons:
#   The system is out of physical RAM or swap space
#   The process is running with CompressedOops enabled, and the Java Heap may be blocking the growth of the native heap
# Possible solutions:
#   Reduce memory load on the system
#   Increase physical memory or swap space
#   Check if swap backing store is full
#   Decrease Java heap size (-Xmx/-Xms)
#   Decrease number of Java threads
#   Decrease Java thread stack sizes (-Xss)
#   Set larger code cache with -XX:ReservedCodeCacheSize=
#   JVM is running with Zero Based Compressed Oops mode in which the Java heap is
#     placed in the first 32GB address space. The Java Heap base address is the
#     maximum limit for the native heap growth. Please use -XX:HeapBaseMinAddress
#     to set the Java Heap base and to place the Java Heap above 32GB virtual address.
# This output file may be truncated or incomplete.
#
#  Out of Memory Error (os_windows.cpp:3530), pid=14468, tid=17704
#
# JRE version:  (18.0.2.1+1) (build )
# Java VM: Java HotSpot(TM) 64-Bit Server VM (18.0.2.1+1-1, mixed mode, sharing, tiered, compressed oops, compressed class ptrs, g1 gc, windows-amd64)
# No core dump will be written. Minidumps are not enabled by default on client versions of Windows
#

---------------  S U M M A R Y ------------

Command Line: -Dmaven.multiModuleProjectDirectory=C:\projects\job4j_design -Dmaven.home=C:\tools\apache-maven-3.9.5 -Dclassworlds.conf=C:\tools\apache-maven-3.9.5\bin\m2.conf -Dmaven.ext.class.path=C:\Program Files\JetBrains\IntelliJ IDEA Community Edition 2020.3\plugins\maven\lib\maven-event-listener.jar -javaagent:C:\Program Files\JetBrains\IntelliJ IDEA Community Edition 2020.3\lib\idea_rt.jar=2042:C:\Program Files\JetBrains\IntelliJ IDEA Community Edition 2020.3\bin -Dfile.encoding=UTF-8 org.codehaus.classworlds.Launcher -Didea.version=2021.2.3 test

Host: Intel(R) Core(TM) i5-9300HF CPU @ 2.40GHz, 8 cores, 15G,  Windows 10 , 64 bit Build 17763 (10.0.17763.4974)
Time: Thu Nov 16 09:52:20 2023 RTZ 2 (зима) elapsed time: 0.009326 seconds (0d 0h 0m 0s)

---------------  T H R E A D  ---------------

Current thread (0x00000109aeadd1a0):  JavaThread "Unknown thread" [_thread_in_vm, id=17704, stack(0x00000002dc100000,0x00000002dc200000)]

Stack: [0x00000002dc100000,0x00000002dc200000]
Native frames: (J=compiled Java code, j=interpreted, Vv=VM code, C=native code)
V  [jvm.dll+0x6993aa]
V  [jvm.dll+0x7f46dd]
V  [jvm.dll+0x7f5fee]
V  [jvm.dll+0x7f66a3]
V  [jvm.dll+0x25cf1f]
V  [jvm.dll+0x6962f9]
V  [jvm.dll+0x68ae2a]
V  [jvm.dll+0x32255b]
V  [jvm.dll+0x329f36]
V  [jvm.dll+0x37eade]
V  [jvm.dll+0x37ed0f]
V  [jvm.dll+0x2fa2da]
V  [jvm.dll+0x2fb33d]
V  [jvm.dll+0x7c3310]
V  [jvm.dll+0x38be61]
V  [jvm.dll+0x7a2023]
V  [jvm.dll+0x40dc3f]
V  [jvm.dll+0x40f611]
C  [jli.dll+0x526b]
C  [ucrtbase.dll+0x2268a]
C  [KERNEL32.DLL+0x17ac4]
C  [ntdll.dll+0x5a4e1]


---------------  P R O C E S S  ---------------

Threads class SMR info:
_java_thread_list=0x00007ffb8920e550, length=0, elements={
}

Java Threads: ( => current thread )

Other Threads:
  0x00000109aeb4c7c0 WorkerThread "GC Thread#0" [stack: 0x00000002dc200000,0x00000002dc300000] [id=4464]
  0x00000109aeb5d5a0 ConcurrentGCThread "G1 Main Marker" [stack: 0x00000002dc300000,0x00000002dc400000] [id=16692]
  0x00000109aeb5fa70 WorkerThread "G1 Conc#0" [stack: 0x00000002dc400000,0x00000002dc500000] [id=18712]

[error occurred during error reporting (printing all threads), id 0xc0000005, EXCEPTION_ACCESS_VIOLATION (0xc0000005) at pc=0x00007ffb88a3a877]

VM state: not at safepoint (not fully initialized)

VM Mutex/Monitor currently owned by a thread:  ([mutex/lock_event])
[0x00000109aead9780] Heap_lock - owner thread: 0x00000109aeadd1a0

Heap address: 0x0000000701200000, size: 4078 MB, Compressed Oops mode: Zero based, Oop shift amount: 3

CDS archive(s) mapped at: [0x0000000000000000-0x0000000000000000-0x0000000000000000), size 0, SharedBaseAddress: 0x0000000800000000, ArchiveRelocationMode: 0.
Narrow klass base: 0x0000000000000000, Narrow klass shift: 0, Narrow klass range: 0x0

GC Precious Log:
 CardTable entry size: 512
 Card Set container configuration: InlinePtr #cards 4 size 8 Array Of Cards #cards 16 size 48 Howl #buckets 8 coarsen threshold 3686 Howl Bitmap #cards 512 size 80 coarsen threshold 460 Card regions per heap region 1 cards per card region 4096

Heap:
 garbage-first heap   total 0K, used 0K [0x0000000701200000, 0x0000000800000000)
  region size 2048K, 0 young (0K), 0 survivors (0K)

[error occurred during error reporting (printing heap information), id 0xc0000005, EXCEPTION_ACCESS_VIOLATION (0xc0000005) at pc=0x00007ffb88e21839]

GC Heap History (0 events):
No events

Deoptimization events (0 events):
No events

Classes loaded (0 events):
No events

Classes unloaded (0 events):
No events

Classes redefined (0 events):
No events

Internal exceptions (0 events):
No events

VM Operations (0 events):
No events

Events (1 events):
Event: 0.006 Loaded shared library C:\Program Files\Java\jdk-18.0.2.1\bin\java.dll


Dynamic libraries:
0x00007ff7ad6b0000 - 0x00007ff7ad6c0000 	C:\Program Files\Java\jdk-18.0.2.1\bin\java.exe
0x00007ffbce7a0000 - 0x00007ffbce98e000 	C:\Windows\SYSTEM32\ntdll.dll
0x00007ffba5b50000 - 0x00007ffba5b69000 	C:\Program Files\Avast Software\Avast\aswhook.dll
0x00007ffbcdb20000 - 0x00007ffbcdbd3000 	C:\Windows\System32\KERNEL32.DLL
0x00007ffbcb640000 - 0x00007ffbcb8dd000 	C:\Windows\System32\KERNELBASE.dll
0x00007ffbca8d0000 - 0x00007ffbca9ca000 	C:\Windows\System32\ucrtbase.dll
0x00007ffba48b0000 - 0x00007ffba48ca000 	C:\Program Files\Java\jdk-18.0.2.1\bin\VCRUNTIME140.dll
0x00007ffba0700000 - 0x00007ffba0718000 	C:\Program Files\Java\jdk-18.0.2.1\bin\jli.dll
0x00007ffbcdbe0000 - 0x00007ffbcdc87000 	C:\Windows\System32\ADVAPI32.dll
0x00007ffbcd160000 - 0x00007ffbcd1fe000 	C:\Windows\System32\msvcrt.dll
0x00007ffbce220000 - 0x00007ffbce2bf000 	C:\Windows\System32\sechost.dll
0x00007ffbce2c0000 - 0x00007ffbce3de000 	C:\Windows\System32\RPCRT4.dll
0x00007ffbcd840000 - 0x00007ffbcd9d7000 	C:\Windows\System32\USER32.dll
0x00007ffbcaa80000 - 0x00007ffbcaaa0000 	C:\Windows\System32\win32u.dll
0x00007ffbb5010000 - 0x00007ffbb5289000 	C:\Windows\WinSxS\amd64_microsoft.windows.common-controls_6595b64144ccf1df_6.0.17763.4974_none_de748dce53484fa6\COMCTL32.dll
0x00007ffbce140000 - 0x00007ffbce169000 	C:\Windows\System32\GDI32.dll
0x00007ffbce3e0000 - 0x00007ffbce70b000 	C:\Windows\System32\combase.dll
0x00007ffbcaaa0000 - 0x00007ffbcac4b000 	C:\Windows\System32\gdi32full.dll
0x00007ffbcb910000 - 0x00007ffbcb9b0000 	C:\Windows\System32\msvcp_win.dll
0x00007ffbcac50000 - 0x00007ffbcacd2000 	C:\Windows\System32\bcryptPrimitives.dll
0x00007ffbc48c0000 - 0x00007ffbc48ca000 	C:\Windows\SYSTEM32\VERSION.dll
0x00007ffbcbac0000 - 0x00007ffbcbaee000 	C:\Windows\System32\IMM32.DLL
0x00007ffbb3ae0000 - 0x00007ffbb3aec000 	C:\Program Files\Java\jdk-18.0.2.1\bin\vcruntime140_1.dll
0x00007ffb980e0000 - 0x00007ffb9816d000 	C:\Program Files\Java\jdk-18.0.2.1\bin\msvcp140.dll
0x00007ffb88730000 - 0x00007ffb89341000 	C:\Program Files\Java\jdk-18.0.2.1\bin\server\jvm.dll
0x00007ffbcdf20000 - 0x00007ffbcdf28000 	C:\Windows\System32\PSAPI.DLL
0x00007ffbb4f90000 - 0x00007ffbb4f99000 	C:\Windows\SYSTEM32\WSOCK32.dll
0x00007ffbc83c0000 - 0x00007ffbc83e4000 	C:\Windows\SYSTEM32\WINMM.dll
0x00007ffbcdab0000 - 0x00007ffbcdb1d000 	C:\Windows\System32\WS2_32.dll
0x00007ffbc8390000 - 0x00007ffbc83bd000 	C:\Windows\SYSTEM32\WINMMBASE.dll
0x00007ffbca820000 - 0x00007ffbca86a000 	C:\Windows\System32\cfgmgr32.dll
0x00007ffbca7e0000 - 0x00007ffbca7f1000 	C:\Windows\System32\kernel.appcore.dll
0x00007ffbb3380000 - 0x00007ffbb338a000 	C:\Program Files\Java\jdk-18.0.2.1\bin\jimage.dll
0x00007ffbc8a80000 - 0x00007ffbc8c6d000 	C:\Windows\SYSTEM32\DBGHELP.DLL
0x00007ffbbea00000 - 0x00007ffbbea2a000 	C:\Windows\SYSTEM32\dbgcore.DLL
0x00007ffbc5570000 - 0x00007ffbc557e000 	C:\Program Files\Java\jdk-18.0.2.1\bin\instrument.dll
0x00007ffb9e700000 - 0x00007ffb9e725000 	C:\Program Files\Java\jdk-18.0.2.1\bin\java.dll

dbghelp: loaded successfully - version: 4.0.5 - missing functions: none
symbol engine: initialized successfully - sym options: 0x614 - pdb path: .;C:\Program Files\Java\jdk-18.0.2.1\bin;C:\Windows\SYSTEM32;C:\Program Files\Avast Software\Avast;C:\Windows\WinSxS\amd64_microsoft.windows.common-controls_6595b64144ccf1df_6.0.17763.4974_none_de748dce53484fa6;C:\Program Files\Java\jdk-18.0.2.1\bin\server

VM Arguments:
jvm_args: -Dmaven.multiModuleProjectDirectory=C:\projects\job4j_design -Dmaven.home=C:\tools\apache-maven-3.9.5 -Dclassworlds.conf=C:\tools\apache-maven-3.9.5\bin\m2.conf -Dmaven.ext.class.path=C:\Program Files\JetBrains\IntelliJ IDEA Community Edition 2020.3\plugins\maven\lib\maven-event-listener.jar -javaagent:C:\Program Files\JetBrains\IntelliJ IDEA Community Edition 2020.3\lib\idea_rt.jar=2042:C:\Program Files\JetBrains\IntelliJ IDEA Community Edition 2020.3\bin -Dfile.encoding=UTF-8 
java_command: org.codehaus.classworlds.Launcher -Didea.version=2021.2.3 test
java_class_path (initial): C:\tools\apache-maven-3.9.5\boot\plexus-classworlds-2.7.0.jar;C:\tools\apache-maven-3.9.5\boot\plexus-classworlds.license
Launcher Type: SUN_STANDARD

[Global flags]
     intx CICompilerCount                          = 4                                         {product} {ergonomic}
     uint ConcGCThreads                            = 2                                         {product} {ergonomic}
     uint G1ConcRefinementThreads                  = 8                                         {product} {ergonomic}
   size_t G1HeapRegionSize                         = 2097152                                   {product} {ergonomic}
    uintx GCDrainStackTargetSize                   = 64                                        {product} {ergonomic}
   size_t InitialHeapSize                          = 268435456                                 {product} {ergonomic}
   size_t MarkStackSize                            = 4194304                                   {product} {ergonomic}
   size_t MaxHeapSize                              = 4276092928                                {product} {ergonomic}
   size_t MinHeapDeltaBytes                        = 2097152                                   {product} {ergonomic}
   size_t MinHeapSize                              = 8388608                                   {product} {ergonomic}
    uintx NonNMethodCodeHeapSize                   = 5839372                                {pd product} {ergonomic}
    uintx NonProfiledCodeHeapSize                  = 122909434                              {pd product} {ergonomic}
    uintx ProfiledCodeHeapSize                     = 122909434                              {pd product} {ergonomic}
    uintx ReservedCodeCacheSize                    = 251658240                              {pd product} {ergonomic}
     bool SegmentedCodeCache                       = true                                      {product} {ergonomic}
   size_t SoftMaxHeapSize                          = 4276092928                             {manageable} {ergonomic}
     bool UseCompressedClassPointers               = true                           {product lp64_product} {ergonomic}
     bool UseCompressedOops                        = true                           {product lp64_product} {ergonomic}
     bool UseG1GC                                  = true                                      {product} {ergonomic}
     bool UseLargePagesIndividualAllocation        = false                                  {pd product} {ergonomic}

Logging:
Log output configuration:
 #0: stdout all=warning uptime,level,tags foldmultilines=false
 #1: stderr all=off uptime,level,tags foldmultilines=false

Environment Variables:
JAVA_HOME=C:\Program Files\Java\jdk-18.0.2.1\
PATH=C:\Program Files\Common Files\Oracle\Java\javapath;C:\Program Files (x86)\Common Files\Oracle\Java\javapath;C:\Windows\system32;C:\Windows;C:\Windows\System32\Wbem;C:\Windows\System32\WindowsPowerShell\v1.0\;C:\Windows\System32\OpenSSH\;C:\Program Files (x86)\NVIDIA Corporation\PhysX\Common;C:\Program Files\Git\cmd;C:\python\Scripts\;C:\python\;C:\Users\Mariya\AppData\Local\Programs\Python\Python39\Scripts\;C:\Users\Mariya\AppData\Local\Programs\Python\Python39\;C:\Users\Mariya\AppData\Local\Microsoft\WindowsApps;"C:\Program Files\JetBrains\PyCharm 2023.2.2\bin;;C:\Program Files\Java\jdk-18.0.2.1\\bin;C:\tools\apache-maven-3.9.5\\bin;";C:\tools\apache-maven-3.9.5\bin;
USERNAME=Mariya
OS=Windows_NT
PROCESSOR_IDENTIFIER=Intel64 Family 6 Model 158 Stepping 13, GenuineIntel



---------------  S Y S T E M  ---------------

OS:
 Windows 10 , 64 bit Build 17763 (10.0.17763.4974)
OS uptime: 1 days 12:24 hours

CPU: total 8 (initial active 8) (4 cores per cpu, 2 threads per core) family 6 model 158 stepping 13 microcode 0xde, cx8, cmov, fxsr, ht, mmx, 3dnowpref, sse, sse2, sse3, ssse3, sse4.1, sse4.2, popcnt, lzcnt, tsc, tscinvbit, avx, avx2, aes, erms, clmul, bmi1, bmi2, adx, fma, vzeroupper, clflush, clflushopt

Memory: 4k page, system-wide physical 16304M (2791M free)
TotalPageFile size 16304M (AvailPageFile size 195M)
current process WorkingSet (physical memory assigned to process): 10M, peak: 10M
current process commit charge ("private bytes"): 60M, peak: 316M

vm_info: Java HotSpot(TM) 64-Bit Server VM (18.0.2.1+1-1) for windows-amd64 JRE (18.0.2.1+1-1), built on Aug 16 2022 01:46:33 by "mach5one" with MS VC++ 16.8 / 16.9 (VS2019)

END.
